Determining if the pthread_create exist failed with the following output:
Change Dir: /home/chen/CLionProjects/ImageTrans/cmake-build-debug/CMakeFiles/CMakeTmp

Run Build Command:"/usr/bin/make" "cmTC_e879d/fast"
/usr/bin/make -f CMakeFiles/cmTC_e879d.dir/build.make CMakeFiles/cmTC_e879d.dir/build
make[1]: Entering directory '/home/chen/CLionProjects/ImageTrans/cmake-build-debug/CMakeFiles/CMakeTmp'
Building C object CMakeFiles/cmTC_e879d.dir/CheckSymbolExists.c.o
/usr/bin/cc    -fPIC    -o CMakeFiles/cmTC_e879d.dir/CheckSymbolExists.c.o   -c /home/chen/CLionProjects/ImageTrans/cmake-build-debug/CMakeFiles/CMakeTmp/CheckSymbolExists.c
Linking C executable cmTC_e879d
/home/chen/ruanjian/clion-2016.3.4/bin/cmake/bin/cmake -E cmake_link_script CMakeFiles/cmTC_e879d.dir/link.txt --verbose=1
/usr/bin/cc  -fPIC     CMakeFiles/cmTC_e879d.dir/CheckSymbolExists.c.o  -o cmTC_e879d 
CMakeFiles/cmTC_e879d.dir/CheckSymbolExists.c.o: In function `main':
CheckSymbolExists.c:(.text+0x1b): undefined reference to `pthread_create'
collect2: error: ld returned 1 exit status
CMakeFiles/cmTC_e879d.dir/build.make:97: recipe for target 'cmTC_e879d' failed
make[1]: *** [cmTC_e879d] Error 1
make[1]: Leaving directory '/home/chen/CLionProjects/ImageTrans/cmake-build-debug/CMakeFiles/CMakeTmp'
Makefile:126: recipe for target 'cmTC_e879d/fast' failed
make: *** [cmTC_e879d/fast] Error 2

File /home/chen/CLionProjects/ImageTrans/cmake-build-debug/CMakeFiles/CMakeTmp/CheckSymbolExists.c:
/* */
#include <pthread.h>

int main(int argc, char** argv)
{
  (void)argv;
#ifndef pthread_create
  return ((int*)(&pthread_create))[argc];
#else
  (void)argc;
  return 0;
#endif
}

Determining if the function pthread_create exists in the pthreads failed with the following output:
Change Dir: /home/chen/CLionProjects/ImageTrans/cmake-build-debug/CMakeFiles/CMakeTmp

Run Build Command:"/usr/bin/make" "cmTC_67cbe/fast"
/usr/bin/make -f CMakeFiles/cmTC_67cbe.dir/build.make CMakeFiles/cmTC_67cbe.dir/build
make[1]: Entering directory '/home/chen/CLionProjects/ImageTrans/cmake-build-debug/CMakeFiles/CMakeTmp'
Building C object CMakeFiles/cmTC_67cbe.dir/CheckFunctionExists.c.o
/usr/bin/cc    -fPIC -DCHECK_FUNCTION_EXISTS=pthread_create   -o CMakeFiles/cmTC_67cbe.dir/CheckFunctionExists.c.o   -c /home/chen/ruanjian/clion-2016.3.4/bin/cmake/share/cmake-3.6/Modules/CheckFunctionExists.c
Linking C executable cmTC_67cbe
/home/chen/ruanjian/clion-2016.3.4/bin/cmake/bin/cmake -E cmake_link_script CMakeFiles/cmTC_67cbe.dir/link.txt --verbose=1
/usr/bin/cc  -fPIC -DCHECK_FUNCTION_EXISTS=pthread_create    CMakeFiles/cmTC_67cbe.dir/CheckFunctionExists.c.o  -o cmTC_67cbe -lpthreads 
/usr/bin/ld: cannot find -lpthreads
collect2: error: ld returned 1 exit status
CMakeFiles/cmTC_67cbe.dir/build.make:97: recipe for target 'cmTC_67cbe' failed
make[1]: *** [cmTC_67cbe] Error 1
make[1]: Leaving directory '/home/chen/CLionProjects/ImageTrans/cmake-build-debug/CMakeFiles/CMakeTmp'
Makefile:126: recipe for target 'cmTC_67cbe/fast' failed
make: *** [cmTC_67cbe/fast] Error 2


